<?xml version="1.0" encoding="UTF-8"?>
<testng-results ignored="16" total="27" passed="10" failed="1" skipped="0">
  <reporter-output>
  </reporter-output>
  <suite started-at="2022-05-10T00:23:08 EDT" name="Suite" finished-at="2022-05-10T00:23:32 EDT" duration-ms="24378">
    <groups>
      <group name="Sanity">
        <method signature="HomePageTest.t03_press_linked_list()[pri:3, instance:testCases.HomePageTest@53f3bdbd]" name="t03_press_linked_list" class="testCases.HomePageTest"/>
        <method signature="LinkedListTest.t01_create_linked_list()[pri:4, instance:testCases.LinkedListTest@34129c78]" name="t01_create_linked_list" class="testCases.LinkedListTest"/>
        <method signature="TryMeTest.t01_try_here()[pri:5, instance:testCases.TryMeTest@7d61eb55]" name="t01_try_here" class="testCases.TryMeTest"/>
        <method signature="AssessmentTest.t01_click_runtest(java.lang.String)[pri:6, instance:testCases.AssessmentTest@222a59e6]" name="t01_click_runtest" class="testCases.AssessmentTest"/>
      </group> <!-- Sanity -->
      <group name="Regression">
        <method signature="GetStartedTest.t01_clickGetStartedBtn()[pri:0, instance:testCases.GetStartedTest@433defed]" name="t01_clickGetStartedBtn" class="testCases.GetStartedTest"/>
        <method signature="HomePageTest.t01_sign_in()[pri:1, instance:testCases.HomePageTest@147e2ae7]" name="t01_sign_in" class="testCases.HomePageTest"/>
        <method signature="LoginTest.t02_LoginTest(java.lang.String,java.lang.String)[pri:2, instance:testCases.LoginTest@448c8166]" name="t02_LoginTest" class="testCases.LoginTest"/>
      </group> <!-- Regression -->
      <group name="Smoke">
        <method signature="HomePageTest.t04_select_array()[pri:8, instance:testCases.HomePageTest@47c81abf]" name="t04_select_array" class="testCases.HomePageTest"/>
        <method signature="ArrayTest.t01_click_array_in_python()[pri:9, instance:testCases.ArrayTest@776a6d9b]" name="t01_click_array_in_python" class="testCases.ArrayTest"/>
        <method signature="ArraysinPythonTest.t01_create_arrays()[pri:10, instance:testCases.ArraysinPythonTest@21d03963]" name="t01_create_arrays" class="testCases.ArraysinPythonTest"/>
        <method signature="AssessmentArrayTest.t01_click_runtest(java.lang.String)[pri:11, instance:testCases.AssessmentArrayTest@1f760b47]" name="t01_click_runtest" class="testCases.AssessmentArrayTest"/>
      </group> <!-- Smoke -->
    </groups>
    <test started-at="2022-05-10T00:23:08 EDT" name="Regression" finished-at="2022-05-10T00:23:14 EDT" duration-ms="6249">
      <class name="testCases.LoginTest">
        <test-method signature="t02_LoginTest(java.lang.String,java.lang.String)[pri:2, instance:testCases.LoginTest@448c8166]" started-at="2022-05-10T00:23:13 EDT" name="t02_LoginTest" data-provider="LoginData" finished-at="2022-05-10T00:23:14 EDT" duration-ms="1241" status="PASS">
          <params>
            <param index="0">
              <value>
                <![CDATA[ka@sgmail.com]]>
              </value>
            </param>
            <param index="1">
              <value>
                <![CDATA[abssf@t1]]>
              </value>
            </param>
          </params>
          <reporter-output>
          </reporter-output>
        </test-method> <!-- t02_LoginTest -->
      </class> <!-- testCases.LoginTest -->
      <class name="testCases.GetStartedTest">
        <test-method signature="t01_clickGetStartedBtn()[pri:0, instance:testCases.GetStartedTest@433defed]" started-at="2022-05-10T00:23:08 EDT" name="t01_clickGetStartedBtn" finished-at="2022-05-10T00:23:11 EDT" duration-ms="2963" status="PASS">
          <reporter-output>
          </reporter-output>
        </test-method> <!-- t01_clickGetStartedBtn -->
      </class> <!-- testCases.GetStartedTest -->
      <class name="testCases.HomePageTest">
        <test-method signature="t01_sign_in()[pri:1, instance:testCases.HomePageTest@147e2ae7]" started-at="2022-05-10T00:23:11 EDT" name="t01_sign_in" finished-at="2022-05-10T00:23:12 EDT" duration-ms="451" status="PASS">
          <reporter-output>
          </reporter-output>
        </test-method> <!-- t01_sign_in -->
      </class> <!-- testCases.HomePageTest -->
    </test> <!-- Regression -->
    <test started-at="2022-05-10T00:23:14 EDT" name="Sanity" finished-at="2022-05-10T00:23:23 EDT" duration-ms="8662">
      <class name="testCases.TryMeTest">
        <test-method signature="t01_try_here()[pri:5, instance:testCases.TryMeTest@7d61eb55]" started-at="2022-05-10T00:23:19 EDT" name="t01_try_here" finished-at="2022-05-10T00:23:22 EDT" duration-ms="2853" status="PASS">
          <reporter-output>
          </reporter-output>
        </test-method> <!-- t01_try_here -->
      </class> <!-- testCases.TryMeTest -->
      <class name="testCases.AssessmentTest">
        <test-method signature="t01_click_runtest(java.lang.String)[pri:6, instance:testCases.AssessmentTest@222a59e6]" started-at="2022-05-10T00:23:22 EDT" name="t01_click_runtest" data-provider="ProgramData" finished-at="2022-05-10T00:23:23 EDT" duration-ms="707" status="PASS">
          <params>
            <param index="0">
              <value>
                <![CDATA[print 10]]>
              </value>
            </param>
          </params>
          <reporter-output>
          </reporter-output>
        </test-method> <!-- t01_click_runtest -->
      </class> <!-- testCases.AssessmentTest -->
      <class name="testCases.LinkedListTest">
        <test-method signature="t01_create_linked_list()[pri:4, instance:testCases.LinkedListTest@34129c78]" started-at="2022-05-10T00:23:17 EDT" name="t01_create_linked_list" finished-at="2022-05-10T00:23:19 EDT" duration-ms="2416" status="PASS">
          <reporter-output>
          </reporter-output>
        </test-method> <!-- t01_create_linked_list -->
      </class> <!-- testCases.LinkedListTest -->
      <class name="testCases.HomePageTest">
        <test-method signature="t03_press_linked_list()[pri:3, instance:testCases.HomePageTest@53f3bdbd]" started-at="2022-05-10T00:23:14 EDT" name="t03_press_linked_list" finished-at="2022-05-10T00:23:17 EDT" duration-ms="2408" status="PASS">
          <reporter-output>
          </reporter-output>
        </test-method> <!-- t03_press_linked_list -->
      </class> <!-- testCases.HomePageTest -->
    </test> <!-- Sanity -->
    <test started-at="2022-05-10T00:23:23 EDT" name="Smoke" finished-at="2022-05-10T00:23:32 EDT" duration-ms="9313">
      <class name="testCases.ArraysinPythonTest">
        <test-method signature="t01_create_arrays()[pri:10, instance:testCases.ArraysinPythonTest@21d03963]" started-at="2022-05-10T00:23:29 EDT" name="t01_create_arrays" finished-at="2022-05-10T00:23:31 EDT" duration-ms="2550" status="PASS">
          <reporter-output>
          </reporter-output>
        </test-method> <!-- t01_create_arrays -->
      </class> <!-- testCases.ArraysinPythonTest -->
      <class name="testCases.AssessmentArrayTest">
        <test-method signature="t01_click_runtest(java.lang.String)[pri:11, instance:testCases.AssessmentArrayTest@1f760b47]" started-at="2022-05-10T00:23:32 EDT" name="t01_click_runtest" data-provider="ProgramData" finished-at="2022-05-10T00:23:32 EDT" duration-ms="661" status="PASS">
          <params>
            <param index="0">
              <value>
                <![CDATA[print 10]]>
              </value>
            </param>
          </params>
          <reporter-output>
          </reporter-output>
        </test-method> <!-- t01_click_runtest -->
      </class> <!-- testCases.AssessmentArrayTest -->
      <class name="testCases.ArrayTest">
        <test-method signature="t01_click_array_in_python()[pri:9, instance:testCases.ArrayTest@776a6d9b]" started-at="2022-05-10T00:23:26 EDT" name="t01_click_array_in_python" finished-at="2022-05-10T00:23:28 EDT" duration-ms="2809" status="FAIL">
          <exception class="java.lang.AssertionError">
            <message>
              <![CDATA[expected [Login] but found [Arrays in Python]]]>
            </message>
            <full-stacktrace>
              <![CDATA[java.lang.AssertionError: expected [Login] but found [Arrays in Python]
at org.testng.Assert.fail(Assert.java:110)
at org.testng.Assert.failNotEquals(Assert.java:1413)
at org.testng.Assert.assertEqualsImpl(Assert.java:149)
at org.testng.Assert.assertEquals(Assert.java:131)
at org.testng.Assert.assertEquals(Assert.java:655)
at org.testng.Assert.assertEquals(Assert.java:665)
at testCases.ArrayTest.t01_click_array_in_python(ArrayTest.java:21)
at java.base/jdk.internal.reflect.NativeMethodAccessorImpl.invoke0(Native Method)
at java.base/jdk.internal.reflect.NativeMethodAccessorImpl.invoke(NativeMethodAccessorImpl.java:77)
at java.base/jdk.internal.reflect.DelegatingMethodAccessorImpl.invoke(DelegatingMethodAccessorImpl.java:43)
at java.base/java.lang.reflect.Method.invoke(Method.java:568)
at org.testng.internal.invokers.MethodInvocationHelper.invokeMethod(MethodInvocationHelper.java:135)
at org.testng.internal.invokers.TestInvoker.invokeMethod(TestInvoker.java:673)
at org.testng.internal.invokers.TestInvoker.invokeTestMethod(TestInvoker.java:220)
at org.testng.internal.invokers.MethodRunner.runInSequence(MethodRunner.java:50)
at org.testng.internal.invokers.TestInvoker$MethodInvocationAgent.invoke(TestInvoker.java:945)
at org.testng.internal.invokers.TestInvoker.invokeTestMethods(TestInvoker.java:193)
at org.testng.internal.invokers.TestMethodWorker.invokeTestMethods(TestMethodWorker.java:146)
at org.testng.internal.invokers.TestMethodWorker.run(TestMethodWorker.java:128)
at java.base/java.util.ArrayList.forEach(ArrayList.java:1511)
at org.testng.TestRunner.privateRun(TestRunner.java:808)
at org.testng.TestRunner.run(TestRunner.java:603)
at org.testng.SuiteRunner.runTest(SuiteRunner.java:429)
at org.testng.SuiteRunner.runSequentially(SuiteRunner.java:423)
at org.testng.SuiteRunner.privateRun(SuiteRunner.java:383)
at org.testng.SuiteRunner.run(SuiteRunner.java:326)
at org.testng.SuiteRunnerWorker.runSuite(SuiteRunnerWorker.java:52)
at org.testng.SuiteRunnerWorker.run(SuiteRunnerWorker.java:95)
at org.testng.TestNG.runSuitesSequentially(TestNG.java:1249)
at org.testng.TestNG.runSuitesLocally(TestNG.java:1169)
at org.testng.TestNG.runSuites(TestNG.java:1092)
at org.testng.TestNG.run(TestNG.java:1060)
at org.testng.remote.AbstractRemoteTestNG.run(AbstractRemoteTestNG.java:115)
at org.testng.remote.RemoteTestNG.initAndRun(RemoteTestNG.java:251)
at org.testng.remote.RemoteTestNG.main(RemoteTestNG.java:77)
]]>
            </full-stacktrace>
          </exception> <!-- java.lang.AssertionError -->
          <reporter-output>
          </reporter-output>
        </test-method> <!-- t01_click_array_in_python -->
      </class> <!-- testCases.ArrayTest -->
      <class name="testCases.HomePageTest">
        <test-method is-config="true" signature="SetUp()[pri:0, instance:testCases.HomePageTest@53f3bdbd]" started-at="2022-05-10T00:23:02 EDT" name="SetUp" finished-at="2022-05-10T00:23:08 EDT" duration-ms="5528" status="PASS">
          <reporter-output>
          </reporter-output>
        </test-method> <!-- SetUp -->
        <test-method signature="t04_select_array()[pri:8, instance:testCases.HomePageTest@47c81abf]" started-at="2022-05-10T00:23:23 EDT" name="t04_select_array" finished-at="2022-05-10T00:23:25 EDT" duration-ms="2577" status="PASS">
          <reporter-output>
          </reporter-output>
        </test-method> <!-- t04_select_array -->
        <test-method is-config="true" signature="tearDown()[pri:0, instance:testCases.HomePageTest@53f3bdbd]" started-at="2022-05-10T00:23:32 EDT" name="tearDown" finished-at="2022-05-10T00:23:33 EDT" duration-ms="1047" status="PASS">
          <reporter-output>
          </reporter-output>
        </test-method> <!-- tearDown -->
      </class> <!-- testCases.HomePageTest -->
    </test> <!-- Smoke -->
  </suite> <!-- Suite -->
</testng-results>
